  [1m[35m (17.6ms)[0m  [1m[34mSELECT pg_try_advisory_lock(4301558352446416320)[0m
  ↳ /home/vladyslav/.rbenv/versions/2.5.1/bin/rake:23
  [1m[35m (44.5ms)[0m  [1m[34mSELECT "schema_migrations"."version" FROM "schema_migrations" ORDER BY "schema_migrations"."version" ASC[0m
  ↳ /home/vladyslav/.rbenv/versions/2.5.1/bin/rake:23
  [1m[36mActiveRecord::InternalMetadata Load (35.3ms)[0m  [1m[34mSELECT  "ar_internal_metadata".* FROM "ar_internal_metadata" WHERE "ar_internal_metadata"."key" = $1 LIMIT $2[0m  [["key", "environment"], ["LIMIT", 1]]
  ↳ /home/vladyslav/.rbenv/versions/2.5.1/bin/rake:23
  [1m[35m (2.3ms)[0m  [1m[35mBEGIN[0m
  ↳ /home/vladyslav/.rbenv/versions/2.5.1/bin/rake:23
  [1m[35m (0.3ms)[0m  [1m[35mCOMMIT[0m
  ↳ /home/vladyslav/.rbenv/versions/2.5.1/bin/rake:23
  [1m[35m (0.5ms)[0m  [1m[34mSELECT pg_advisory_unlock(4301558352446416320)[0m
  ↳ /home/vladyslav/.rbenv/versions/2.5.1/bin/rake:23
  [1m[35m (0.5ms)[0m  [1m[34mSELECT "schema_migrations"."version" FROM "schema_migrations" ORDER BY "schema_migrations"."version" ASC[0m
  ↳ /home/vladyslav/.rbenv/versions/2.5.1/bin/rake:23
  [1m[35m (1.3ms)[0m  [1m[34mSELECT "schema_migrations"."version" FROM "schema_migrations" ORDER BY "schema_migrations"."version" ASC[0m
  ↳ /home/vladyslav/.rbenv/versions/2.5.1/bin/rake:23
  [1m[35m (0.4ms)[0m  [1m[34mSELECT "ar_internal_metadata"."value" FROM "ar_internal_metadata" WHERE "ar_internal_metadata"."key" = $1[0m  [["key", "environment"]]
  ↳ /home/vladyslav/.rbenv/versions/2.5.1/bin/rake:23
  [1m[35m (0.3ms)[0m  [1m[34mSELECT "schema_migrations"."version" FROM "schema_migrations" ORDER BY "schema_migrations"."version" ASC[0m
  ↳ /home/vladyslav/.rbenv/versions/2.5.1/bin/rake:23
  [1m[35m (0.2ms)[0m  [1m[34mSELECT "ar_internal_metadata"."value" FROM "ar_internal_metadata" WHERE "ar_internal_metadata"."key" = $1[0m  [["key", "environment"]]
  ↳ /home/vladyslav/.rbenv/versions/2.5.1/bin/rake:23
  [1m[35m (0.6ms)[0m  [1m[34mSELECT "schema_migrations"."version" FROM "schema_migrations" ORDER BY "schema_migrations"."version" ASC[0m
  ↳ /home/vladyslav/.rbenv/versions/2.5.1/bin/rake:23
  [1m[35m (0.3ms)[0m  [1m[34mSELECT "ar_internal_metadata"."value" FROM "ar_internal_metadata" WHERE "ar_internal_metadata"."key" = $1[0m  [["key", "environment"]]
  ↳ /home/vladyslav/.rbenv/versions/2.5.1/bin/rake:23
  [1m[35m (429.6ms)[0m  [1m[35mDROP DATABASE IF EXISTS "auction_database"[0m
  ↳ /home/vladyslav/.rbenv/versions/2.5.1/bin/rake:23
  [1m[35m (0.3ms)[0m  [1m[35mDROP DATABASE IF EXISTS "auction_database"[0m
  ↳ /home/vladyslav/.rbenv/versions/2.5.1/bin/rake:23
  [1m[35m (1892.1ms)[0m  [1m[35mCREATE DATABASE "auction_database" ENCODING = 'utf8'[0m
  ↳ /home/vladyslav/.rbenv/versions/2.5.1/bin/rake:23
  [1m[35m (0.9ms)[0m  [1m[35mCREATE DATABASE "auction_database" ENCODING = 'utf8'[0m
  ↳ /home/vladyslav/.rbenv/versions/2.5.1/bin/rake:23
  [1m[35mSQL (0.4ms)[0m  [1m[35mCREATE EXTENSION IF NOT EXISTS "plpgsql"[0m
  ↳ db/schema.rb:16
  [1m[35m (0.4ms)[0m  [1m[35mDROP TABLE IF EXISTS "bids" CASCADE[0m
  ↳ db/schema.rb:18
  [1m[35m (97.2ms)[0m  [1m[35mCREATE TABLE "bids" ("id" bigserial primary key, "user_id" bigint, "lot_id" bigint, "created_at" timestamp NOT NULL, "updated_at" timestamp NOT NULL)[0m
  ↳ db/schema.rb:18
  [1m[35m (47.8ms)[0m  [1m[35mCREATE  INDEX  "index_bids_on_lot_id" ON "bids"  ("lot_id")[0m
  ↳ db/schema.rb:18
  [1m[35m (49.7ms)[0m  [1m[35mCREATE  INDEX  "index_bids_on_user_id" ON "bids"  ("user_id")[0m
  ↳ db/schema.rb:18
  [1m[35m (0.4ms)[0m  [1m[35mDROP TABLE IF EXISTS "lots" CASCADE[0m
  ↳ db/schema.rb:27
  [1m[35m (75.0ms)[0m  [1m[35mCREATE TABLE "lots" ("id" bigserial primary key, "user_id" bigint, "created_at" timestamp NOT NULL, "updated_at" timestamp NOT NULL)[0m
  ↳ db/schema.rb:27
  [1m[35m (51.9ms)[0m  [1m[35mCREATE  INDEX  "index_lots_on_user_id" ON "lots"  ("user_id")[0m
  ↳ db/schema.rb:27
  [1m[35m (0.4ms)[0m  [1m[35mDROP TABLE IF EXISTS "orders" CASCADE[0m
  ↳ db/schema.rb:34
  [1m[35m (52.3ms)[0m  [1m[35mCREATE TABLE "orders" ("id" bigserial primary key, "bid_id" bigint, "created_at" timestamp NOT NULL, "updated_at" timestamp NOT NULL)[0m
  ↳ db/schema.rb:34
  [1m[35m (49.6ms)[0m  [1m[35mCREATE  INDEX  "index_orders_on_bid_id" ON "orders"  ("bid_id")[0m
  ↳ db/schema.rb:34
  [1m[35m (0.4ms)[0m  [1m[35mDROP TABLE IF EXISTS "users" CASCADE[0m
  ↳ db/schema.rb:41
  [1m[35m (63.8ms)[0m  [1m[35mCREATE TABLE "users" ("id" bigserial primary key, "created_at" timestamp NOT NULL, "updated_at" timestamp NOT NULL)[0m
  ↳ db/schema.rb:41
  [1m[35m (20.6ms)[0m  [1m[35mALTER TABLE "bids" ADD CONSTRAINT "fk_rails_c8d521b062"
FOREIGN KEY ("lot_id")
  REFERENCES "lots" ("id")
[0m
  ↳ db/schema.rb:46
  [1m[35m (10.1ms)[0m  [1m[35mALTER TABLE "bids" ADD CONSTRAINT "fk_rails_e173de2ed3"
FOREIGN KEY ("user_id")
  REFERENCES "users" ("id")
[0m
  ↳ db/schema.rb:47
  [1m[35m (9.8ms)[0m  [1m[35mALTER TABLE "lots" ADD CONSTRAINT "fk_rails_7afc1a8e38"
FOREIGN KEY ("user_id")
  REFERENCES "users" ("id")
[0m
  ↳ db/schema.rb:48
  [1m[35m (10.1ms)[0m  [1m[35mALTER TABLE "orders" ADD CONSTRAINT "fk_rails_70594f7ad3"
FOREIGN KEY ("bid_id")
  REFERENCES "bids" ("id")
[0m
  ↳ db/schema.rb:49
  [1m[35m (98.1ms)[0m  [1m[35mCREATE TABLE "schema_migrations" ("version" character varying NOT NULL PRIMARY KEY)[0m
  ↳ db/schema.rb:13
  [1m[35m (0.9ms)[0m  [1m[34mSELECT "schema_migrations"."version" FROM "schema_migrations" ORDER BY "schema_migrations"."version" ASC[0m
  ↳ db/schema.rb:13
  [1m[35m (7.4ms)[0m  [1m[32mINSERT INTO "schema_migrations" (version) VALUES (20180528102033)[0m
  ↳ db/schema.rb:13
  [1m[35m (10.0ms)[0m  [1m[32mINSERT INTO "schema_migrations" (version) VALUES
(20180528100120),
(20180528100048),
(20180528100047);

[0m
  ↳ db/schema.rb:13
  [1m[35m (108.2ms)[0m  [1m[35mCREATE TABLE "ar_internal_metadata" ("key" character varying NOT NULL PRIMARY KEY, "value" character varying, "created_at" timestamp NOT NULL, "updated_at" timestamp NOT NULL)[0m
  ↳ db/schema.rb:13
  [1m[36mActiveRecord::InternalMetadata Load (0.7ms)[0m  [1m[34mSELECT  "ar_internal_metadata".* FROM "ar_internal_metadata" WHERE "ar_internal_metadata"."key" = $1 LIMIT $2[0m  [["key", "environment"], ["LIMIT", 1]]
  ↳ db/schema.rb:13
  [1m[35m (0.3ms)[0m  [1m[35mBEGIN[0m
  ↳ db/schema.rb:13
  [1m[36mActiveRecord::InternalMetadata Create (0.7ms)[0m  [1m[32mINSERT INTO "ar_internal_metadata" ("key", "value", "created_at", "updated_at") VALUES ($1, $2, $3, $4) RETURNING "key"[0m  [["key", "environment"], ["value", "development"], ["created_at", "2018-05-29 09:10:06.688772"], ["updated_at", "2018-05-29 09:10:06.688772"]]
  ↳ db/schema.rb:13
  [1m[35m (4.8ms)[0m  [1m[35mCOMMIT[0m
  ↳ db/schema.rb:13
  [1m[36mActiveRecord::InternalMetadata Load (0.4ms)[0m  [1m[34mSELECT  "ar_internal_metadata".* FROM "ar_internal_metadata" WHERE "ar_internal_metadata"."key" = $1 LIMIT $2[0m  [["key", "environment"], ["LIMIT", 1]]
  ↳ /home/vladyslav/.rbenv/versions/2.5.1/bin/rake:23
  [1m[35m (0.2ms)[0m  [1m[35mBEGIN[0m
  ↳ /home/vladyslav/.rbenv/versions/2.5.1/bin/rake:23
  [1m[35m (0.2ms)[0m  [1m[35mCOMMIT[0m
  ↳ /home/vladyslav/.rbenv/versions/2.5.1/bin/rake:23
  [1m[35mSQL (0.2ms)[0m  [1m[35mCREATE EXTENSION IF NOT EXISTS "plpgsql"[0m
  ↳ db/schema.rb:16
  [1m[35m (13.4ms)[0m  [1m[35mDROP TABLE IF EXISTS "bids" CASCADE[0m
  ↳ db/schema.rb:18
  [1m[35m (54.9ms)[0m  [1m[35mCREATE TABLE "bids" ("id" bigserial primary key, "user_id" bigint, "lot_id" bigint, "created_at" timestamp NOT NULL, "updated_at" timestamp NOT NULL)[0m
  ↳ db/schema.rb:18
  [1m[35m (49.7ms)[0m  [1m[35mCREATE  INDEX  "index_bids_on_lot_id" ON "bids"  ("lot_id")[0m
  ↳ db/schema.rb:18
  [1m[35m (49.5ms)[0m  [1m[35mCREATE  INDEX  "index_bids_on_user_id" ON "bids"  ("user_id")[0m
  ↳ db/schema.rb:18
  [1m[35m (10.8ms)[0m  [1m[35mDROP TABLE IF EXISTS "lots" CASCADE[0m
  ↳ db/schema.rb:27
  [1m[35m (43.9ms)[0m  [1m[35mCREATE TABLE "lots" ("id" bigserial primary key, "user_id" bigint, "created_at" timestamp NOT NULL, "updated_at" timestamp NOT NULL)[0m
  ↳ db/schema.rb:27
  [1m[35m (49.7ms)[0m  [1m[35mCREATE  INDEX  "index_lots_on_user_id" ON "lots"  ("user_id")[0m
  ↳ db/schema.rb:27
  [1m[35m (10.6ms)[0m  [1m[35mDROP TABLE IF EXISTS "orders" CASCADE[0m
  ↳ db/schema.rb:34
  [1m[35m (53.7ms)[0m  [1m[35mCREATE TABLE "orders" ("id" bigserial primary key, "bid_id" bigint, "created_at" timestamp NOT NULL, "updated_at" timestamp NOT NULL)[0m
  ↳ db/schema.rb:34
  [1m[35m (49.8ms)[0m  [1m[35mCREATE  INDEX  "index_orders_on_bid_id" ON "orders"  ("bid_id")[0m
  ↳ db/schema.rb:34
  [1m[35m (10.5ms)[0m  [1m[35mDROP TABLE IF EXISTS "users" CASCADE[0m
  ↳ db/schema.rb:41
  [1m[35m (64.4ms)[0m  [1m[35mCREATE TABLE "users" ("id" bigserial primary key, "created_at" timestamp NOT NULL, "updated_at" timestamp NOT NULL)[0m
  ↳ db/schema.rb:41
  [1m[35m (21.2ms)[0m  [1m[35mALTER TABLE "bids" ADD CONSTRAINT "fk_rails_c8d521b062"
FOREIGN KEY ("lot_id")
  REFERENCES "lots" ("id")
[0m
  ↳ db/schema.rb:46
  [1m[35m (9.5ms)[0m  [1m[35mALTER TABLE "bids" ADD CONSTRAINT "fk_rails_e173de2ed3"
FOREIGN KEY ("user_id")
  REFERENCES "users" ("id")
[0m
  ↳ db/schema.rb:47
  [1m[35m (9.7ms)[0m  [1m[35mALTER TABLE "lots" ADD CONSTRAINT "fk_rails_7afc1a8e38"
FOREIGN KEY ("user_id")
  REFERENCES "users" ("id")
[0m
  ↳ db/schema.rb:48
  [1m[35m (10.1ms)[0m  [1m[35mALTER TABLE "orders" ADD CONSTRAINT "fk_rails_70594f7ad3"
FOREIGN KEY ("bid_id")
  REFERENCES "bids" ("id")
[0m
  ↳ db/schema.rb:49
  [1m[35m (0.6ms)[0m  [1m[34mSELECT "schema_migrations"."version" FROM "schema_migrations" ORDER BY "schema_migrations"."version" ASC[0m
  ↳ db/schema.rb:13
  [1m[36mActiveRecord::InternalMetadata Load (0.4ms)[0m  [1m[34mSELECT  "ar_internal_metadata".* FROM "ar_internal_metadata" WHERE "ar_internal_metadata"."key" = $1 LIMIT $2[0m  [["key", "environment"], ["LIMIT", 1]]
  ↳ db/schema.rb:13
  [1m[35m (0.2ms)[0m  [1m[35mBEGIN[0m
  ↳ db/schema.rb:13
  [1m[35m (0.2ms)[0m  [1m[35mCOMMIT[0m
  ↳ db/schema.rb:13
  [1m[36mActiveRecord::InternalMetadata Load (0.5ms)[0m  [1m[34mSELECT  "ar_internal_metadata".* FROM "ar_internal_metadata" WHERE "ar_internal_metadata"."key" = $1 LIMIT $2[0m  [["key", "environment"], ["LIMIT", 1]]
  ↳ /home/vladyslav/.rbenv/versions/2.5.1/bin/rake:23
  [1m[35m (0.3ms)[0m  [1m[35mBEGIN[0m
  ↳ /home/vladyslav/.rbenv/versions/2.5.1/bin/rake:23
  [1m[36mActiveRecord::InternalMetadata Update (0.5ms)[0m  [1m[33mUPDATE "ar_internal_metadata" SET "value" = $1, "updated_at" = $2 WHERE "ar_internal_metadata"."key" = $3[0m  [["value", "test"], ["updated_at", "2018-05-29 09:10:07.280554"], ["key", "environment"]]
  ↳ /home/vladyslav/.rbenv/versions/2.5.1/bin/rake:23
  [1m[35m (9.1ms)[0m  [1m[35mCOMMIT[0m
  ↳ /home/vladyslav/.rbenv/versions/2.5.1/bin/rake:23
  [1m[35m (0.7ms)[0m  [1m[34mSELECT "schema_migrations"."version" FROM "schema_migrations" ORDER BY "schema_migrations"."version" ASC[0m
  ↳ /home/vladyslav/.rbenv/versions/2.5.1/bin/rake:23
  [1m[35m (0.3ms)[0m  [1m[34mSELECT pg_try_advisory_lock(4301558352446416320)[0m
  ↳ /home/vladyslav/.rbenv/versions/2.5.1/bin/rake:23
  [1m[35m (0.9ms)[0m  [1m[34mSELECT "schema_migrations"."version" FROM "schema_migrations" ORDER BY "schema_migrations"."version" ASC[0m
  ↳ /home/vladyslav/.rbenv/versions/2.5.1/bin/rake:23
  [1m[36mActiveRecord::InternalMetadata Load (0.4ms)[0m  [1m[34mSELECT  "ar_internal_metadata".* FROM "ar_internal_metadata" WHERE "ar_internal_metadata"."key" = $1 LIMIT $2[0m  [["key", "environment"], ["LIMIT", 1]]
  ↳ /home/vladyslav/.rbenv/versions/2.5.1/bin/rake:23
  [1m[35m (0.2ms)[0m  [1m[35mBEGIN[0m
  ↳ /home/vladyslav/.rbenv/versions/2.5.1/bin/rake:23
  [1m[36mActiveRecord::InternalMetadata Update (0.5ms)[0m  [1m[33mUPDATE "ar_internal_metadata" SET "value" = $1, "updated_at" = $2 WHERE "ar_internal_metadata"."key" = $3[0m  [["value", "development"], ["updated_at", "2018-05-29 09:10:09.894502"], ["key", "environment"]]
  ↳ /home/vladyslav/.rbenv/versions/2.5.1/bin/rake:23
  [1m[35m (5.9ms)[0m  [1m[35mCOMMIT[0m
  ↳ /home/vladyslav/.rbenv/versions/2.5.1/bin/rake:23
  [1m[35m (0.6ms)[0m  [1m[34mSELECT pg_advisory_unlock(4301558352446416320)[0m
  ↳ /home/vladyslav/.rbenv/versions/2.5.1/bin/rake:23
  [1m[35m (0.4ms)[0m  [1m[34mSELECT "schema_migrations"."version" FROM "schema_migrations" ORDER BY "schema_migrations"."version" ASC[0m
  ↳ /home/vladyslav/.rbenv/versions/2.5.1/bin/rake:23
